<?xml version="1.0" encoding="UTF-8"?>
<robot generator="Robot 4.1 (Python 3.9.6 on win32)" generated="20210818 11:49:36.070" rpa="false" schemaversion="2">
<suite id="s1" name="BasicSerach" source="C:\Users\Said\PycharmProjects\RF_Project\Tests\E-bay\BasicSerach.robot">
<test id="s1-t1" name="Verify basic search for eBay functionality">
<kw name="Start TestCase" library="CommonFunctionnality" type="SETUP">
<kw name="Open Browser" library="SeleniumLibrary">
<arg>https:\\www.eBay.com</arg>
<arg>chrome</arg>
<doc>Opens a new browser instance to the optional ``url``.</doc>
<msg timestamp="20210818 11:49:36.534" level="INFO">Opening browser 'chrome' to base url 'https:\www.eBay.com'.</msg>
<status status="PASS" starttime="20210818 11:49:36.534" endtime="20210818 11:49:43.609"/>
</kw>
<kw name="Maximize Browser Window" library="SeleniumLibrary">
<doc>Maximizes current browser window.</doc>
<status status="PASS" starttime="20210818 11:49:43.609" endtime="20210818 11:49:43.779"/>
</kw>
<status status="PASS" starttime="20210818 11:49:36.534" endtime="20210818 11:49:43.779"/>
</kw>
<kw name="Verify search on eBay" library="HeaderPage">
<kw name="Input Text" library="SeleniumLibrary">
<arg>//*[@id="gh-ac"]</arg>
<arg>mobile</arg>
<doc>Types the given ``text`` into the text field identified by ``locator``.</doc>
<msg timestamp="20210818 11:49:43.779" level="INFO">Typing text 'mobile' into text field '//*[@id="gh-ac"]'.</msg>
<status status="PASS" starttime="20210818 11:49:43.779" endtime="20210818 11:49:44.959"/>
</kw>
<kw name="Click Button" library="SeleniumLibrary">
<arg>//*[@id="gh-btn"]</arg>
<doc>Clicks the button identified by ``locator``.</doc>
<msg timestamp="20210818 11:49:44.959" level="INFO">Clicking button '//*[@id="gh-btn"]'.</msg>
<status status="PASS" starttime="20210818 11:49:44.959" endtime="20210818 11:49:49.645"/>
</kw>
<status status="PASS" starttime="20210818 11:49:43.779" endtime="20210818 11:49:49.645"/>
</kw>
<kw name="SearchResultsPage.Verify search result">
<msg timestamp="20210818 11:49:49.669" level="FAIL">No keyword with name 'SearchResultsPage.Verify search result' found.</msg>
<status status="FAIL" starttime="20210818 11:49:49.669" endtime="20210818 11:49:49.669"/>
</kw>
<kw name="Finish TestCase" library="CommonFunctionnality" type="TEARDOWN">
<kw name="Close Browser" library="SeleniumLibrary">
<doc>Closes the current browser.</doc>
<status status="PASS" starttime="20210818 11:49:49.669" endtime="20210818 11:49:52.209"/>
</kw>
<status status="PASS" starttime="20210818 11:49:49.669" endtime="20210818 11:49:52.209"/>
</kw>
<doc>This test case verifies the Search Functionnality</doc>
<tag>Functional</tag>
<status status="FAIL" starttime="20210818 11:49:36.534" endtime="20210818 11:49:52.209">No keyword with name 'SearchResultsPage.Verify search result' found.</status>
</test>
<test id="s1-t2" name="Verify Advanced Search">
<kw name="Start TestCase" library="CommonFunctionnality" type="SETUP">
<kw name="Open Browser" library="SeleniumLibrary">
<arg>https:\\www.eBay.com</arg>
<arg>chrome</arg>
<doc>Opens a new browser instance to the optional ``url``.</doc>
<msg timestamp="20210818 11:49:52.209" level="INFO">Opening browser 'chrome' to base url 'https:\www.eBay.com'.</msg>
<status status="PASS" starttime="20210818 11:49:52.209" endtime="20210818 11:49:58.874"/>
</kw>
<kw name="Maximize Browser Window" library="SeleniumLibrary">
<doc>Maximizes current browser window.</doc>
<status status="PASS" starttime="20210818 11:49:58.874" endtime="20210818 11:49:59.029"/>
</kw>
<status status="PASS" starttime="20210818 11:49:52.209" endtime="20210818 11:49:59.029"/>
</kw>
<kw name="Click on Advanced Search Link" library="HeaderPage">
<kw name="Click Element" library="SeleniumLibrary">
<arg>//*[@id="gh-as-a"]</arg>
<doc>Click the element identified by ``locator``.</doc>
<msg timestamp="20210818 11:49:59.045" level="INFO">Clicking element '//*[@id="gh-as-a"]'.</msg>
<status status="PASS" starttime="20210818 11:49:59.045" endtime="20210818 11:50:02.508"/>
</kw>
<status status="PASS" starttime="20210818 11:49:59.029" endtime="20210818 11:50:02.508"/>
</kw>
<kw name="Finish TestCase" library="CommonFunctionnality" type="TEARDOWN">
<kw name="Close Browser" library="SeleniumLibrary">
<doc>Closes the current browser.</doc>
<status status="PASS" starttime="20210818 11:50:02.508" endtime="20210818 11:50:04.920"/>
</kw>
<status status="PASS" starttime="20210818 11:50:02.508" endtime="20210818 11:50:04.920"/>
</kw>
<doc>This test case verifies the Advanced search</doc>
<tag>Functional</tag>
<status status="PASS" starttime="20210818 11:49:52.209" endtime="20210818 11:50:04.920"/>
</test>
<doc>Basic search Functionality</doc>
<status status="FAIL" starttime="20210818 11:49:36.070" endtime="20210818 11:50:04.928"/>
</suite>
<statistics>
<total>
<stat pass="1" fail="1" skip="0">All Tests</stat>
</total>
<tag>
<stat pass="1" fail="1" skip="0">Functional</stat>
</tag>
<suite>
<stat pass="1" fail="1" skip="0" id="s1" name="BasicSerach">BasicSerach</stat>
</suite>
</statistics>
<errors>
<msg timestamp="20210818 11:49:36.526" level="ERROR">Error in file 'C:\Users\Said\PycharmProjects\RF_Project\Tests\E-bay\BasicSerach.robot' on line 6: Error in file 'C:\Users\Said\PycharmProjects\RF_Project\Resources\PageObjects\LandingPage.robot' on line 7: Resource file with 'Test Cases' section is invalid.</msg>
<msg timestamp="20210818 11:49:36.526" level="WARN">Imported resource file 'C:\Users\Said\PycharmProjects\RF_Project\Resources\PageObjects\ProductDetailsPage.robot' is empty.</msg>
<msg timestamp="20210818 11:49:36.534" level="ERROR">Error in file 'C:\Users\Said\PycharmProjects\RF_Project\Tests\E-bay\BasicSerach.robot' on line 8: Error in file 'C:\Users\Said\PycharmProjects\RF_Project\Resources\PageObjects\SearchResultsPage.robot' on line 7: Resource file with 'Test Cases' section is invalid.</msg>
</errors>
</robot>
