<?xml version="1.0" encoding="UTF-8"?>
<robot generator="Robot 4.1 (Python 3.9.6 on win32)" generated="20210806 12:17:39.557" rpa="false" schemaversion="2">
<suite id="s1" name="Search" source="C:\Users\Said\PycharmProjects\RF_Project\Tests\Google\FunctionnalTestSuite\Search.robot">
<test id="s1-t1" name="Google">
<kw name="Open Browser" library="SeleniumLibrary">
<arg>https://www.google.com/</arg>
<arg>chrome</arg>
<doc>Opens a new browser instance to the optional ``url``.</doc>
<msg timestamp="20210806 12:17:39.829" level="INFO">Opening browser 'chrome' to base url 'https://www.google.com/'.</msg>
<status status="PASS" starttime="20210806 12:17:39.829" endtime="20210806 12:17:44.128"/>
</kw>
<kw name="Maximize Browser Window" library="SeleniumLibrary">
<doc>Maximizes current browser window.</doc>
<status status="PASS" starttime="20210806 12:17:44.129" endtime="20210806 12:17:44.261"/>
</kw>
<kw name="Close Browser" library="SeleniumLibrary">
<doc>Closes the current browser.</doc>
<status status="PASS" starttime="20210806 12:17:44.261" endtime="20210806 12:17:46.492"/>
</kw>
<status status="PASS" starttime="20210806 12:17:39.828" endtime="20210806 12:17:46.494"/>
</test>
<status status="PASS" starttime="20210806 12:17:39.559" endtime="20210806 12:17:46.499"/>
</suite>
<statistics>
<total>
<stat pass="1" fail="0" skip="0">All Tests</stat>
</total>
<tag>
</tag>
<suite>
<stat pass="1" fail="0" skip="0" id="s1" name="Search">Search</stat>
</suite>
</statistics>
<errors>
</errors>
</robot>
